<?xml version="1.0" encoding="UTF-8"?>
<!-- Generated by org.testng.reporters.JUnitXMLReporter -->
<testsuite ignored="1" hostname="DESKTOP-AM6U94K" failures="0" tests="3" name="FirefoxTest" time="83.845" errors="0" timestamp="2023-05-17T16:48:04 IST">
  <testcase classname="com.Mohs10.TestScripts.HomePage_Login" name="LoginTestCase" time="11.931"/>
  <testcase classname="com.Mohs10.TestScripts.HomePage_Login" name="NegativeLoginTest" time="49.938"/>
  <testcase classname="com.Mohs10.Reports.PDFReportTest" name="PDFreports" time="2.597"/>
  <testcase classname="com.Mohs10.Base.StartBrowser" name="@BeforeTest generateReport" time="0.0">
    <ignored/>
  </testcase> <!-- @BeforeTest generateReport -->
</testsuite> <!-- FirefoxTest -->
