<?xml version="1.0" encoding="UTF-8"?>
<!-- Generated by org.testng.reporters.JUnitXMLReporter -->
<testsuite ignored="4" hostname="DESKTOP-AM6U94K" failures="0" tests="4" name="ChromeTest" time="120.217" errors="0" timestamp="2023-08-08T19:39:42 IST">
  <testcase classname="com.Mohs10.TestScripts.HomePage_Login" name="LoginTestCase" time="14.207"/>
  <testcase classname="com.Mohs10.TestScripts.HomePage_Login" name="NegativeLoginTest" time="52.801"/>
  <testcase classname="com.Mohs10.Reports.PDFReportTest" name="PDFreports" time="31.604"/>
  <testcase classname="com.Mohs10.Dashboard.TablesTest" name="Tables" time="11.442"/>
  <testcase classname="com.Mohs10.Base.StartBrowser" name="@BeforeSuite loadConfig" time="0.0">
    <ignored/>
  </testcase> <!-- @BeforeSuite loadConfig -->
  <testcase classname="com.Mohs10.Base.StartBrowser" name="@BeforeSuite loadConfig" time="0.0">
    <ignored/>
  </testcase> <!-- @BeforeSuite loadConfig -->
  <testcase classname="com.Mohs10.Base.StartBrowser" name="@AfterSuite afterSuite" time="0.0">
    <ignored/>
  </testcase> <!-- @AfterSuite afterSuite -->
  <testcase classname="com.Mohs10.Base.StartBrowser" name="@AfterSuite afterSuite" time="0.0">
    <ignored/>
  </testcase> <!-- @AfterSuite afterSuite -->
</testsuite> <!-- ChromeTest -->
