<?xml version="1.0" encoding="UTF-8"?>
<!-- Generated by org.testng.reporters.JUnitXMLReporter -->
<testsuite ignored="0" hostname="DESKTOP-AM6U94K" failures="1" tests="1" name="DemoQAtoolTest" time="15.536" errors="0" timestamp="2023-07-03T20:03:01 IST">
  <testcase classname="com.Mohs10.TestScripts.DemoQAWebsiteTest" name="LoginTestCase" time="9.896">
    <failure type="org.openqa.selenium.ElementClickInterceptedException" message="element click intercepted: Element &amp;lt;div class=&amp;quot;card-up&amp;quot;&amp;gt;&amp;lt;/div&amp;gt; is not clickable at point (108, 78). Other element would receive the click: &amp;lt;svg stroke=&amp;quot;currentColor&amp;quot; fill=&amp;quot;currentColor&amp;quot; stroke-width=&amp;quot;0&amp;quot; viewBox=&amp;quot;0 0 448 512&amp;quot; height=&amp;quot;1em&amp;quot; width=&amp;quot;1em&amp;quot; xmlns=&amp;quot;http://www.w3.org/2000/svg&amp;quot;&amp;gt;...&amp;lt;/svg&amp;gt;
  (Session info: chrome=114.0.5735.199)
Build info: version: &amp;apos;4.8.3&amp;apos;, revision: &amp;apos;e5e76298c3&amp;apos;
System info: os.name: &amp;apos;Windows 10&amp;apos;, os.arch: &amp;apos;amd64&amp;apos;, os.version: &amp;apos;10.0&amp;apos;, java.version: &amp;apos;19&amp;apos;
Driver info: org.openqa.selenium.remote.RemoteWebDriver
Command: [fa57701e173bf41953c3bea31a87e9cc, clickElement {id=0DDBC2D32B86E8F1D6AA7B24B0157F13_element_18}]
Capabilities {acceptInsecureCerts: false, browserName: chrome, browserVersion: 114.0.5735.199, chrome: {chromedriverVersion: 114.0.5735.90 (386bc09e8f4f..., userDataDir: C:\Users\Dell\AppData\Local...}, goog:chromeOptions: {debuggerAddress: localhost:52314}, networkConnectionEnabled: false, pageLoadStrategy: normal, platformName: WINDOWS, proxy: Proxy(), se:bidiEnabled: false, se:cdp: ws://192.168.56.1:4444/sess..., se:cdpVersion: 114.0.5735.199, setWindowRect: true, strictFileInteractability: false, timeouts: {implicit: 0, pageLoad: 300000, script: 30000}, unhandledPromptBehavior: dismiss and notify, webauthn:extension:credBlob: true, webauthn:extension:largeBlob: true, webauthn:extension:minPinLength: true, webauthn:extension:prf: true, webauthn:virtualAuthenticators: true}
Element: [[RemoteWebDriver: chrome on WINDOWS (fa57701e173bf41953c3bea31a87e9cc)] -&amp;gt; xpath: //div[@class=&amp;apos;category-cards&amp;apos;]//div[1]//div[1]//div[1]]
Session ID: fa57701e173bf41953c3bea31a87e9cc">
      <![CDATA[org.openqa.selenium.ElementClickInterceptedException: element click intercepted: Element <div class="card-up"></div> is not clickable at point (108, 78). Other element would receive the click: <svg stroke="currentColor" fill="currentColor" stroke-width="0" viewBox="0 0 448 512" height="1em" width="1em" xmlns="http://www.w3.org/2000/svg">...</svg>
  (Session info: chrome=114.0.5735.199)
Build info: version: '4.8.3', revision: 'e5e76298c3'
System info: os.name: 'Windows 10', os.arch: 'amd64', os.version: '10.0', java.version: '19'
Driver info: org.openqa.selenium.remote.RemoteWebDriver
Command: [fa57701e173bf41953c3bea31a87e9cc, clickElement {id=0DDBC2D32B86E8F1D6AA7B24B0157F13_element_18}]
Capabilities {acceptInsecureCerts: false, browserName: chrome, browserVersion: 114.0.5735.199, chrome: {chromedriverVersion: 114.0.5735.90 (386bc09e8f4f..., userDataDir: C:\Users\Dell\AppData\Local...}, goog:chromeOptions: {debuggerAddress: localhost:52314}, networkConnectionEnabled: false, pageLoadStrategy: normal, platformName: WINDOWS, proxy: Proxy(), se:bidiEnabled: false, se:cdp: ws://192.168.56.1:4444/sess..., se:cdpVersion: 114.0.5735.199, setWindowRect: true, strictFileInteractability: false, timeouts: {implicit: 0, pageLoad: 300000, script: 30000}, unhandledPromptBehavior: dismiss and notify, webauthn:extension:credBlob: true, webauthn:extension:largeBlob: true, webauthn:extension:minPinLength: true, webauthn:extension:prf: true, webauthn:virtualAuthenticators: true}
Element: [[RemoteWebDriver: chrome on WINDOWS (fa57701e173bf41953c3bea31a87e9cc)] -> xpath: //div[@class='category-cards']//div[1]//div[1]//div[1]]
Session ID: fa57701e173bf41953c3bea31a87e9cc
at org.openqa.selenium.remote.codec.w3c.W3CHttpResponseCodec.createException(W3CHttpResponseCodec.java:200)
at org.openqa.selenium.remote.codec.w3c.W3CHttpResponseCodec.decode(W3CHttpResponseCodec.java:133)
at org.openqa.selenium.remote.codec.w3c.W3CHttpResponseCodec.decode(W3CHttpResponseCodec.java:53)
at org.openqa.selenium.remote.HttpCommandExecutor.execute(HttpCommandExecutor.java:193)
at org.openqa.selenium.remote.TracedCommandExecutor.execute(TracedCommandExecutor.java:51)
at org.openqa.selenium.remote.RemoteWebDriver.execute(RemoteWebDriver.java:543)
at org.openqa.selenium.remote.RemoteWebElement.execute(RemoteWebElement.java:257)
at org.openqa.selenium.remote.RemoteWebElement.click(RemoteWebElement.java:78)
at com.Mohs10.Base.Action.click(Action.java:59)
at com.Mohs10.Functions.CommonFuns.Navigation(CommonFuns.java:28)
at com.Mohs10.TestScripts.DemoQAWebsiteTest.LoginTestCase(DemoQAWebsiteTest.java:23)
at java.base/java.util.ArrayList.forEach(ArrayList.java:1511)
... Removed 28 stack frames]]>
    </failure>
  </testcase> <!-- LoginTestCase -->
</testsuite> <!-- DemoQAtoolTest -->
