<?xml version="1.0" encoding="UTF-8"?>
<!-- Generated by org.testng.reporters.JUnitXMLReporter -->
<testsuite ignored="11" hostname="DESKTOP-AM6U94K" failures="0" tests="0" time="0.014" errors="0" timestamp="2023-08-09T19:46:54 IST">
  <testcase classname="com.Mohs10.Base.StartBrowser" name="@BeforeSuite loadConfig" time="0.0">
    <ignored/>
  </testcase> <!-- @BeforeSuite loadConfig -->
  <testcase classname="com.Mohs10.Base.StartBrowser" name="@BeforeSuite loadConfig" time="0.0">
    <ignored/>
  </testcase> <!-- @BeforeSuite loadConfig -->
  <testcase classname="com.Mohs10.Base.StartBrowser" name="@BeforeSuite loadConfig" time="0.0">
    <ignored/>
  </testcase> <!-- @BeforeSuite loadConfig -->
  <testcase classname="com.Mohs10.Reports.PDFReportTest" name="PDFreports" time="0.0">
    <ignored/>
  </testcase> <!-- PDFreports -->
  <testcase classname="com.Mohs10.TestScripts.HomePage_Login" name="LoginTestCase" time="0.0">
    <ignored/>
  </testcase> <!-- LoginTestCase -->
  <testcase classname="com.Mohs10.Dashboard.TablesTest" name="Tables" time="0.0">
    <ignored/>
  </testcase> <!-- Tables -->
  <testcase classname="com.Mohs10.Base.StartBrowser" name="@AfterSuite afterSuite" time="0.0">
    <ignored/>
  </testcase> <!-- @AfterSuite afterSuite -->
  <testcase classname="com.Mohs10.Base.StartBrowser" name="@AfterSuite afterSuite" time="0.0">
    <ignored/>
  </testcase> <!-- @AfterSuite afterSuite -->
  <testcase classname="com.Mohs10.Base.StartBrowser" name="@AfterSuite afterSuite" time="0.0">
    <ignored/>
  </testcase> <!-- @AfterSuite afterSuite -->
  <testcase classname="com.Mohs10.TestScripts.HomePage_Login" name="NegativeLoginTest" time="0.0">
    <ignored/>
  </testcase> <!-- NegativeLoginTest -->
  <testcase classname="com.Mohs10.TestScripts.Register_Test" name="UserregisterTestCase" time="0.0">
    <ignored/>
  </testcase> <!-- UserregisterTestCase -->
</testsuite>
