<?xml version="1.0" encoding="UTF-8"?>
<testng-results ignored="11" total="11" passed="0" failed="0" skipped="0">
  <reporter-output>
  </reporter-output>
  <suite started-at="2023-08-09T19:55:58 IST" name="Suite" finished-at="2023-08-09T19:55:58 IST" duration-ms="26">
    <groups>
    </groups>
    <test started-at="2023-08-09T19:55:58 IST" name="Smoke" finished-at="2023-08-09T19:55:58 IST" duration-ms="26">
      <class name="com.Mohs10.TestScripts.HomePage_Login">
        <test-method is-config="true" signature="loadConfig()[pri:0, instance:com.Mohs10.TestScripts.HomePage_Login@48d61b48]" started-at="2023-08-09T19:55:57 IST" name="loadConfig" finished-at="2023-08-09T19:55:58 IST" duration-ms="811" status="PASS">
          <reporter-output>
          </reporter-output>
        </test-method> <!-- loadConfig -->
        <test-method is-config="true" signature="afterSuite()[pri:0, instance:com.Mohs10.TestScripts.HomePage_Login@48d61b48]" started-at="2023-08-09T19:55:59 IST" name="afterSuite" finished-at="2023-08-09T19:55:59 IST" duration-ms="103" status="PASS">
          <reporter-output>
          </reporter-output>
        </test-method> <!-- afterSuite -->
      </class> <!-- com.Mohs10.TestScripts.HomePage_Login -->
    </test> <!-- Smoke -->
  </suite> <!-- Suite -->
</testng-results>
